

================================================================
== Vitis HLS Report for 'Block_entry_proc'
================================================================
* Date:           Wed Feb 18 22:38:31 2026

* Version:        2025.1 (Build 6135595 on May 21 2025)
* Project:        debug_fifo
* Solution:       hls (Vivado IP Flow Target)
* Product family: zynquplus
* Target device:  xck26-sfvc784-2LV-c


================================================================
== Performance Estimates
================================================================
+ Timing: 
    * Summary: 
    +--------+----------+----------+------------+
    |  Clock |  Target  | Estimated| Uncertainty|
    +--------+----------+----------+------------+
    |ap_clk  |  15.00 ns|  1.434 ns|     0.45 ns|
    +--------+----------+----------+------------+

+ Latency: 
    * Summary: 
    +---------+---------+----------+----------+-----+-----+---------+
    |  Latency (cycles) |  Latency (absolute) |  Interval | Pipeline|
    |   min   |   max   |    min   |    max   | min | max |   Type  |
    +---------+---------+----------+----------+-----+-----+---------+
    |        0|        0|      0 ns|      0 ns|    0|    0|       no|
    +---------+---------+----------+----------+-----+-----+---------+

    + Detail: 
        * Instance: 
        N/A

        * Loop: 
        N/A



================================================================
== Utilization Estimates
================================================================
* Summary: 
+-----------------+---------+------+--------+--------+-----+
|       Name      | BRAM_18K|  DSP |   FF   |   LUT  | URAM|
+-----------------+---------+------+--------+--------+-----+
|DSP              |        -|     -|       -|       -|    -|
|Expression       |        -|     -|       0|      72|    -|
|FIFO             |        -|     -|       -|       -|    -|
|Instance         |        -|     -|       -|       -|    -|
|Memory           |        -|     -|       -|       -|    -|
|Multiplexer      |        -|     -|       0|      27|    -|
|Register         |        -|     -|      64|       -|    -|
+-----------------+---------+------+--------+--------+-----+
|Total            |        0|     0|      64|      99|    0|
+-----------------+---------+------+--------+--------+-----+
|Available        |      288|  1248|  234240|  117120|   64|
+-----------------+---------+------+--------+--------+-----+
|Utilization (%)  |        0|     0|      ~0|      ~0|    0|
+-----------------+---------+------+--------+--------+-----+

+ Detail: 
    * Instance: 
    N/A

    * DSP: 
    N/A

    * Memory: 
    N/A

    * FIFO: 
    N/A

    * Expression: 
    +--------------------+----------+----+---+----+------------+------------+
    |    Variable Name   | Operation| DSP| FF| LUT| Bitwidth P0| Bitwidth P1|
    +--------------------+----------+----+---+----+------------+------------+
    |icmp_ln20_fu_20_p2  |      icmp|   0|  0|  39|          32|           1|
    |ap_block_state1     |        or|   0|  0|   2|           1|           1|
    |p_out_0_fu_26_p3    |    select|   0|  0|  31|           1|          31|
    +--------------------+----------+----+---+----+------------+------------+
    |Total               |          |   0|  0|  72|          34|          33|
    +--------------------+----------+----+---+----+------------+------------+

    * Multiplexer: 
    +-------------+----+-----------+-----+-----------+
    |     Name    | LUT| Input Size| Bits| Total Bits|
    +-------------+----+-----------+-----+-----------+
    |ap_done      |   9|          2|    1|          2|
    |ap_return_0  |   9|          2|   31|         62|
    |ap_return_1  |   9|          2|   31|         62|
    +-------------+----+-----------+-----+-----------+
    |Total        |  27|          6|   63|        126|
    +-------------+----+-----------+-----+-----------+

    * Register: 
    +------------------+----+----+-----+-----------+
    |       Name       | FF | LUT| Bits| Const Bits|
    +------------------+----+----+-----+-----------+
    |ap_CS_fsm         |   1|   0|    1|          0|
    |ap_done_reg       |   1|   0|    1|          0|
    |ap_return_0_preg  |  31|   0|   31|          0|
    |ap_return_1_preg  |  31|   0|   31|          0|
    +------------------+----+----+-----+-----------+
    |Total             |  64|   0|   64|          0|
    +------------------+----+----+-----+-----------+



================================================================
== Interface
================================================================
* Summary: 
+-------------+-----+-----+------------+------------------+--------------+
|  RTL Ports  | Dir | Bits|  Protocol  |   Source Object  |    C Type    |
+-------------+-----+-----+------------+------------------+--------------+
|ap_clk       |   in|    1|  ap_ctrl_hs|  Block_entry_proc|  return value|
|ap_rst       |   in|    1|  ap_ctrl_hs|  Block_entry_proc|  return value|
|ap_start     |   in|    1|  ap_ctrl_hs|  Block_entry_proc|  return value|
|ap_done      |  out|    1|  ap_ctrl_hs|  Block_entry_proc|  return value|
|ap_continue  |   in|    1|  ap_ctrl_hs|  Block_entry_proc|  return value|
|ap_idle      |  out|    1|  ap_ctrl_hs|  Block_entry_proc|  return value|
|ap_ready     |  out|    1|  ap_ctrl_hs|  Block_entry_proc|  return value|
|ap_return_0  |  out|   31|  ap_ctrl_hs|  Block_entry_proc|  return value|
|ap_return_1  |  out|   31|  ap_ctrl_hs|  Block_entry_proc|  return value|
|size         |   in|   32|     ap_none|              size|        scalar|
+-------------+-----+-----+------------+------------------+--------------+

