

================================================================
== Vitis HLS Report for 'Loop_VITIS_LOOP_20_1_proc'
================================================================
* Date:           Wed Feb 18 22:38:32 2026

* Version:        2025.1 (Build 6135595 on May 21 2025)
* Project:        debug_fifo
* Solution:       hls (Vivado IP Flow Target)
* Product family: zynquplus
* Target device:  xck26-sfvc784-2LV-c


================================================================
== Performance Estimates
================================================================
+ Timing: 
    * Summary: 
    +--------+----------+-----------+------------+
    |  Clock |  Target  | Estimated | Uncertainty|
    +--------+----------+-----------+------------+
    |ap_clk  |  15.00 ns|  14.550 ns|     0.45 ns|
    +--------+----------+-----------+------------+

+ Latency: 
    * Summary: 
    +---------+---------+----------+----------+-----+-----+---------+
    |  Latency (cycles) |  Latency (absolute) |  Interval | Pipeline|
    |   min   |   max   |    min   |    max   | min | max |   Type  |
    +---------+---------+----------+----------+-----+-----+---------+
    |        ?|        ?|         ?|         ?|    ?|    ?|       no|
    +---------+---------+----------+----------+-----+-----+---------+

    + Detail: 
        * Instance: 
        +--------------------------------------------------------------+----------------------------------------------------+---------+---------+----------+----------+-----+-----+------------------------------------------------+
        |                                                              |                                                    |  Latency (cycles) |  Latency (absolute) |  Interval |                    Pipeline                    |
        |                           Instance                           |                       Module                       |   min   |   max   |    min   |    max   | min | max |                      Type                      |
        +--------------------------------------------------------------+----------------------------------------------------+---------+---------+----------+----------+-----+-----+------------------------------------------------+
        |grp_Loop_VITIS_LOOP_20_1_proc_Pipeline_VITIS_LOOP_20_1_fu_88  |Loop_VITIS_LOOP_20_1_proc_Pipeline_VITIS_LOOP_20_1  |        ?|        ?|         ?|         ?|    0|    0|  loop auto-rewind stp (delay=0 clock cycles(s))|
        +--------------------------------------------------------------+----------------------------------------------------+---------+---------+----------+----------+-----+-----+------------------------------------------------+

        * Loop: 
        N/A



================================================================
== Utilization Estimates
================================================================
* Summary: 
+-----------------+---------+------+--------+--------+-----+
|       Name      | BRAM_18K|  DSP |   FF   |   LUT  | URAM|
+-----------------+---------+------+--------+--------+-----+
|DSP              |        -|     -|       -|       -|    -|
|Expression       |        -|     -|       0|       2|    -|
|FIFO             |        -|     -|       -|       -|    -|
|Instance         |        -|     -|      68|     135|    -|
|Memory           |        -|     -|       -|       -|    -|
|Multiplexer      |        -|     -|       0|     224|    -|
|Register         |        -|     -|     138|       -|    -|
+-----------------+---------+------+--------+--------+-----+
|Total            |        0|     0|     206|     361|    0|
+-----------------+---------+------+--------+--------+-----+
|Available        |      288|  1248|  234240|  117120|   64|
+-----------------+---------+------+--------+--------+-----+
|Utilization (%)  |        0|     0|      ~0|      ~0|    0|
+-----------------+---------+------+--------+--------+-----+

+ Detail: 
    * Instance: 
    +--------------------------------------------------------------+----------------------------------------------------+---------+----+----+-----+-----+
    |                           Instance                           |                       Module                       | BRAM_18K| DSP| FF | LUT | URAM|
    +--------------------------------------------------------------+----------------------------------------------------+---------+----+----+-----+-----+
    |grp_Loop_VITIS_LOOP_20_1_proc_Pipeline_VITIS_LOOP_20_1_fu_88  |Loop_VITIS_LOOP_20_1_proc_Pipeline_VITIS_LOOP_20_1  |        0|   0|  68|  135|    0|
    +--------------------------------------------------------------+----------------------------------------------------+---------+----+----+-----+-----+
    |Total                                                         |                                                    |        0|   0|  68|  135|    0|
    +--------------------------------------------------------------+----------------------------------------------------+---------+----+----+-----+-----+

    * DSP: 
    N/A

    * Memory: 
    N/A

    * FIFO: 
    N/A

    * Expression: 
    +-----------------+----------+----+---+----+------------+------------+
    |  Variable Name  | Operation| DSP| FF| LUT| Bitwidth P0| Bitwidth P1|
    +-----------------+----------+----+---+----+------------+------------+
    |ap_block_state1  |        or|   0|  0|   2|           1|           1|
    +-----------------+----------+----+---+----+------------+------------+
    |Total            |          |   0|  0|   2|           1|           1|
    +-----------------+----------+----+---+----+------------+------------+

    * Multiplexer: 
    +------------------------+----+-----------+-----+-----------+
    |          Name          | LUT| Input Size| Bits| Total Bits|
    +------------------------+----+-----------+-----+-----------+
    |ap_NS_fsm               |  65|         12|    1|         12|
    |ap_done                 |   9|          2|    1|          2|
    |gmem0_blk_n_AR          |   9|          2|    1|          2|
    |m_axi_gmem0_0_ARADDR    |  14|          3|   64|        192|
    |m_axi_gmem0_0_ARBURST   |   9|          2|    2|          4|
    |m_axi_gmem0_0_ARCACHE   |   9|          2|    4|          8|
    |m_axi_gmem0_0_ARID      |   9|          2|    1|          2|
    |m_axi_gmem0_0_ARLEN     |  14|          3|   32|         96|
    |m_axi_gmem0_0_ARLOCK    |   9|          2|    2|          4|
    |m_axi_gmem0_0_ARPROT    |   9|          2|    3|          6|
    |m_axi_gmem0_0_ARQOS     |   9|          2|    4|          8|
    |m_axi_gmem0_0_ARREGION  |   9|          2|    4|          8|
    |m_axi_gmem0_0_ARSIZE    |   9|          2|    3|          6|
    |m_axi_gmem0_0_ARUSER    |   9|          2|    1|          2|
    |m_axi_gmem0_0_ARVALID   |  14|          3|    1|          3|
    |m_axi_gmem0_0_RREADY    |   9|          2|    1|          2|
    |size_c_blk_n            |   9|          2|    1|          2|
    +------------------------+----+-----------+-----+-----------+
    |Total                   | 224|         47|  126|        359|
    +------------------------+----+-----------+-----+-----------+

    * Register: 
    +---------------------------------------------------------------------------+----+----+-----+-----------+
    |                                    Name                                   | FF | LUT| Bits| Const Bits|
    +---------------------------------------------------------------------------+----+----+-----+-----------+
    |ap_CS_fsm                                                                  |  11|   0|   11|          0|
    |ap_done_reg                                                                |   1|   0|    1|          0|
    |grp_Loop_VITIS_LOOP_20_1_proc_Pipeline_VITIS_LOOP_20_1_fu_88_ap_start_reg  |   1|   0|    1|          0|
    |p_read_2_reg_128                                                           |  31|   0|   31|          0|
    |size_read_reg_123                                                          |  32|   0|   32|          0|
    |trunc_ln_reg_138                                                           |  62|   0|   62|          0|
    +---------------------------------------------------------------------------+----+----+-----+-----------+
    |Total                                                                      | 138|   0|  138|          0|
    +---------------------------------------------------------------------------+----+----+-----+-----------+



================================================================
== Interface
================================================================
* Summary: 
+----------------------------+-----+-----+------------+---------------------------+--------------+
|          RTL Ports         | Dir | Bits|  Protocol  |       Source Object       |    C Type    |
+----------------------------+-----+-----+------------+---------------------------+--------------+
|ap_clk                      |   in|    1|  ap_ctrl_hs|  Loop_VITIS_LOOP_20_1_proc|  return value|
|ap_rst                      |   in|    1|  ap_ctrl_hs|  Loop_VITIS_LOOP_20_1_proc|  return value|
|ap_start                    |   in|    1|  ap_ctrl_hs|  Loop_VITIS_LOOP_20_1_proc|  return value|
|ap_done                     |  out|    1|  ap_ctrl_hs|  Loop_VITIS_LOOP_20_1_proc|  return value|
|ap_continue                 |   in|    1|  ap_ctrl_hs|  Loop_VITIS_LOOP_20_1_proc|  return value|
|ap_idle                     |  out|    1|  ap_ctrl_hs|  Loop_VITIS_LOOP_20_1_proc|  return value|
|ap_ready                    |  out|    1|  ap_ctrl_hs|  Loop_VITIS_LOOP_20_1_proc|  return value|
|p_read                      |   in|   31|     ap_none|                     p_read|        scalar|
|in_data                     |   in|   64|     ap_none|                    in_data|        scalar|
|m_axi_gmem0_0_AWVALID       |  out|    1|       m_axi|                      gmem0|       pointer|
|m_axi_gmem0_0_AWREADY       |   in|    1|       m_axi|                      gmem0|       pointer|
|m_axi_gmem0_0_AWADDR        |  out|   64|       m_axi|                      gmem0|       pointer|
|m_axi_gmem0_0_AWID          |  out|    1|       m_axi|                      gmem0|       pointer|
|m_axi_gmem0_0_AWLEN         |  out|   32|       m_axi|                      gmem0|       pointer|
|m_axi_gmem0_0_AWSIZE        |  out|    3|       m_axi|                      gmem0|       pointer|
|m_axi_gmem0_0_AWBURST       |  out|    2|       m_axi|                      gmem0|       pointer|
|m_axi_gmem0_0_AWLOCK        |  out|    2|       m_axi|                      gmem0|       pointer|
|m_axi_gmem0_0_AWCACHE       |  out|    4|       m_axi|                      gmem0|       pointer|
|m_axi_gmem0_0_AWPROT        |  out|    3|       m_axi|                      gmem0|       pointer|
|m_axi_gmem0_0_AWQOS         |  out|    4|       m_axi|                      gmem0|       pointer|
|m_axi_gmem0_0_AWREGION      |  out|    4|       m_axi|                      gmem0|       pointer|
|m_axi_gmem0_0_AWUSER        |  out|    1|       m_axi|                      gmem0|       pointer|
|m_axi_gmem0_0_WVALID        |  out|    1|       m_axi|                      gmem0|       pointer|
|m_axi_gmem0_0_WREADY        |   in|    1|       m_axi|                      gmem0|       pointer|
|m_axi_gmem0_0_WDATA         |  out|   32|       m_axi|                      gmem0|       pointer|
|m_axi_gmem0_0_WSTRB         |  out|    4|       m_axi|                      gmem0|       pointer|
|m_axi_gmem0_0_WLAST         |  out|    1|       m_axi|                      gmem0|       pointer|
|m_axi_gmem0_0_WID           |  out|    1|       m_axi|                      gmem0|       pointer|
|m_axi_gmem0_0_WUSER         |  out|    1|       m_axi|                      gmem0|       pointer|
|m_axi_gmem0_0_ARVALID       |  out|    1|       m_axi|                      gmem0|       pointer|
|m_axi_gmem0_0_ARREADY       |   in|    1|       m_axi|                      gmem0|       pointer|
|m_axi_gmem0_0_ARADDR        |  out|   64|       m_axi|                      gmem0|       pointer|
|m_axi_gmem0_0_ARID          |  out|    1|       m_axi|                      gmem0|       pointer|
|m_axi_gmem0_0_ARLEN         |  out|   32|       m_axi|                      gmem0|       pointer|
|m_axi_gmem0_0_ARSIZE        |  out|    3|       m_axi|                      gmem0|       pointer|
|m_axi_gmem0_0_ARBURST       |  out|    2|       m_axi|                      gmem0|       pointer|
|m_axi_gmem0_0_ARLOCK        |  out|    2|       m_axi|                      gmem0|       pointer|
|m_axi_gmem0_0_ARCACHE       |  out|    4|       m_axi|                      gmem0|       pointer|
|m_axi_gmem0_0_ARPROT        |  out|    3|       m_axi|                      gmem0|       pointer|
|m_axi_gmem0_0_ARQOS         |  out|    4|       m_axi|                      gmem0|       pointer|
|m_axi_gmem0_0_ARREGION      |  out|    4|       m_axi|                      gmem0|       pointer|
|m_axi_gmem0_0_ARUSER        |  out|    1|       m_axi|                      gmem0|       pointer|
|m_axi_gmem0_0_RVALID        |   in|    1|       m_axi|                      gmem0|       pointer|
|m_axi_gmem0_0_RREADY        |  out|    1|       m_axi|                      gmem0|       pointer|
|m_axi_gmem0_0_RDATA         |   in|   32|       m_axi|                      gmem0|       pointer|
|m_axi_gmem0_0_RLAST         |   in|    1|       m_axi|                      gmem0|       pointer|
|m_axi_gmem0_0_RID           |   in|    1|       m_axi|                      gmem0|       pointer|
|m_axi_gmem0_0_RFIFONUM      |   in|    9|       m_axi|                      gmem0|       pointer|
|m_axi_gmem0_0_RUSER         |   in|    1|       m_axi|                      gmem0|       pointer|
|m_axi_gmem0_0_RRESP         |   in|    2|       m_axi|                      gmem0|       pointer|
|m_axi_gmem0_0_BVALID        |   in|    1|       m_axi|                      gmem0|       pointer|
|m_axi_gmem0_0_BREADY        |  out|    1|       m_axi|                      gmem0|       pointer|
|m_axi_gmem0_0_BRESP         |   in|    2|       m_axi|                      gmem0|       pointer|
|m_axi_gmem0_0_BID           |   in|    1|       m_axi|                      gmem0|       pointer|
|m_axi_gmem0_0_BUSER         |   in|    1|       m_axi|                      gmem0|       pointer|
|size                        |   in|   32|     ap_none|                       size|        scalar|
|size_c_din                  |  out|   32|     ap_fifo|                     size_c|       pointer|
|size_c_full_n               |   in|    1|     ap_fifo|                     size_c|       pointer|
|size_c_write                |  out|    1|     ap_fifo|                     size_c|       pointer|
|size_c_num_data_valid       |   in|    3|     ap_fifo|                     size_c|       pointer|
|size_c_fifo_cap             |   in|    3|     ap_fifo|                     size_c|       pointer|
|fifo_stream_din             |  out|   32|     ap_fifo|                fifo_stream|       pointer|
|fifo_stream_full_n          |   in|    1|     ap_fifo|                fifo_stream|       pointer|
|fifo_stream_write           |  out|    1|     ap_fifo|                fifo_stream|       pointer|
|fifo_stream_num_data_valid  |   in|   11|     ap_fifo|                fifo_stream|       pointer|
|fifo_stream_fifo_cap        |   in|   11|     ap_fifo|                fifo_stream|       pointer|
+----------------------------+-----+-----+------------+---------------------------+--------------+

