================================================================
== Design Size Report
================================================================

* Total Instructions per Compilation Phase
+---------------+-----------------------------+--------------+----------------------------------------------------------------------------------------+
| Phase         | Step                        | Instructions | Description                                                                            |
+---------------+-----------------------------+--------------+----------------------------------------------------------------------------------------+
| Compile/Link  |                             | 3,846        | After all functions are compiled and linked into a single design                       |
|               |                             |              |                                                                                        |
| Unroll/Inline |                             |              | After user unroll and inline pragmas are applied                                       |
|               | (1) unroll                  |   516        | user unroll pragmas are applied                                                        |
|               | (2) simplification          |   221        | simplification of applied user unroll pragmas                                          |
|               | (3) inline                  |   208        | user inline pragmas are applied                                                        |
|               | (4) simplification          |   208        | simplification of applied user inline pragmas                                          |
|               |                             |              |                                                                                        |
| Array/Struct  |                             |              | After user array partition and struct aggregate/disaggregate pragmas are applied       |
|               | (1) array partition         |   320        | user array partition pragmas are applied                                               |
|               | (2) simplification          |   287        | simplification of applied user array partition & struct aggregate/disaggregate pragmas |
|               | (3) aggregate/disaggregate  |   287        | user struct aggregate/disaggregate pragmas are applied                                 |
|               | (4) array reshape           |   287        | apply array reshape pragmas                                                            |
|               | (5) access patterns         |   293        | array access pattern optmizations                                                      |
|               |                             |              |                                                                                        |
| Performance   |                             |              | After transformations are applied to meet performance pragma targets                   |
|               | (1) loop simplification     |   292        | loop and instruction simplification                                                    |
|               | (2) parallelization         |   292        | loops are unrolled or pipelined to meet performance targets                            |
|               | (3) array partition         |   562        | arrays are partitioned to meet performance targets                                     |
|               | (4) simplification          |   450        | simplification of design after performance transformations                             |
|               |                             |              |                                                                                        |
| HW Transforms |                             |              | After hardware transfomations                                                          |
|               | (1) lowering                |   455        | initial conversion to HW specific instructions                                         |
|               | (2) optimizations           |   486        | high level synthesis optimizations                                                     |
+---------------+-----------------------------+--------------+----------------------------------------------------------------------------------------+

* Instructions per Function for each Compilation Phase
+---------------+-------------------+--------------+---------------+--------------+-------------+---------------+
| Function      | Location          | Compile/Link | Unroll/Inline | Array/Struct | Performance | HW Transforms |
+---------------+-------------------+--------------+---------------+--------------+-------------+---------------+
| + cnn_accel   | cnn_aceler.cpp:78 | 3,846        | 208           | 293          | 450         | 486           |
|    load_input | cnn_aceler.cpp:6  |   30         |  17           |  33          |  63         |               |
|    conv_relu  | cnn_aceler.cpp:21 | 3,641        | 125           | 155          | 261         |               |
|    maxpool    | cnn_aceler.cpp:55 |  133         |  33           |  35          |  33         |  40           |
+---------------+-------------------+--------------+---------------+--------------+-------------+---------------+

* Design Size Message Settings
+---------------------------------------------+--------+------------------------------------------------------------------+
| Message Setting                             | Value  | Description                                                      |
+---------------------------------------------+--------+------------------------------------------------------------------+
| config_compile -design_size_maximum_warning | 100000 | Show a warning when total design instructions exceeds this value |
+---------------------------------------------+--------+------------------------------------------------------------------+


