

================================================================
== Vitis HLS Report for 'load_input'
================================================================
* Date:           Thu Jan 22 15:55:04 2026

* Version:        2025.1 (Build 6135595 on May 21 2025)
* Project:        cnn_accel
* Solution:       hls (Vivado IP Flow Target)
* Product family: zynquplus
* Target device:  xck26-sfvc784-2LV-c


================================================================
== Performance Estimates
================================================================
+ Timing: 
    * Summary: 
    +--------+---------+----------+------------+
    |  Clock |  Target | Estimated| Uncertainty|
    +--------+---------+----------+------------+
    |ap_clk  |  4.00 ns|  2.920 ns|     1.08 ns|
    +--------+---------+----------+------------+

+ Latency: 
    * Summary: 
    +---------+---------+----------+----------+-----+-----+---------+
    |  Latency (cycles) |  Latency (absolute) |  Interval | Pipeline|
    |   min   |   max   |    min   |    max   | min | max |   Type  |
    +---------+---------+----------+----------+-----+-----+---------+
    |      802|      802|  3.208 us|  3.208 us|  802|  802|       no|
    +---------+---------+----------+----------+-----+-----+---------+

    + Detail: 
        * Instance: 
        +---------------------------------------------------------------+-----------------------------------------------------+---------+---------+----------+----------+-----+-----+------------------------------------------------+
        |                                                               |                                                     |  Latency (cycles) |  Latency (absolute) |  Interval |                    Pipeline                    |
        |                            Instance                           |                        Module                       |   min   |   max   |    min   |    max   | min | max |                      Type                      |
        +---------------------------------------------------------------+-----------------------------------------------------+---------+---------+----------+----------+-----+-----+------------------------------------------------+
        |grp_load_input_Pipeline_VITIS_LOOP_10_1_VITIS_LOOP_11_2_fu_61  |load_input_Pipeline_VITIS_LOOP_10_1_VITIS_LOOP_11_2  |      793|      793|  3.172 us|  3.172 us|  785|  785|  loop auto-rewind stp (delay=0 clock cycles(s))|
        +---------------------------------------------------------------+-----------------------------------------------------+---------+---------+----------+----------+-----+-----+------------------------------------------------+

        * Loop: 
        N/A



================================================================
== Utilization Estimates
================================================================
* Summary: 
+-----------------+---------+------+--------+--------+-----+
|       Name      | BRAM_18K|  DSP |   FF   |   LUT  | URAM|
+-----------------+---------+------+--------+--------+-----+
|DSP              |        -|     -|       -|       -|    -|
|Expression       |        -|     -|       -|       -|    -|
|FIFO             |        -|     -|       -|       -|    -|
|Instance         |        -|     0|     357|     378|    -|
|Memory           |        -|     -|       -|       -|    -|
|Multiplexer      |        -|     -|       0|     200|    -|
|Register         |        -|     -|      74|       -|    -|
+-----------------+---------+------+--------+--------+-----+
|Total            |        0|     0|     431|     578|    0|
+-----------------+---------+------+--------+--------+-----+
|Available        |      288|  1248|  234240|  117120|   64|
+-----------------+---------+------+--------+--------+-----+
|Utilization (%)  |        0|     0|      ~0|      ~0|    0|
+-----------------+---------+------+--------+--------+-----+

+ Detail: 
    * Instance: 
    +---------------------------------------------------------------+-----------------------------------------------------+---------+----+-----+-----+-----+
    |                            Instance                           |                        Module                       | BRAM_18K| DSP|  FF | LUT | URAM|
    +---------------------------------------------------------------+-----------------------------------------------------+---------+----+-----+-----+-----+
    |grp_load_input_Pipeline_VITIS_LOOP_10_1_VITIS_LOOP_11_2_fu_61  |load_input_Pipeline_VITIS_LOOP_10_1_VITIS_LOOP_11_2  |        0|   0|  357|  378|    0|
    +---------------------------------------------------------------+-----------------------------------------------------+---------+----+-----+-----+-----+
    |Total                                                          |                                                     |        0|   0|  357|  378|    0|
    +---------------------------------------------------------------+-----------------------------------------------------+---------+----+-----+-----+-----+

    * DSP: 
    N/A

    * Memory: 
    N/A

    * FIFO: 
    N/A

    * Expression: 
    N/A

    * Multiplexer: 
    +-----------------------+----+-----------+-----+-----------+
    |          Name         | LUT| Input Size| Bits| Total Bits|
    +-----------------------+----+-----------+-----+-----------+
    |ap_NS_fsm              |  59|         11|    1|         11|
    |gmem_blk_n_AR          |   9|          2|    1|          2|
    |m_axi_gmem_0_ARADDR    |  14|          3|   64|        192|
    |m_axi_gmem_0_ARBURST   |   9|          2|    2|          4|
    |m_axi_gmem_0_ARCACHE   |   9|          2|    4|          8|
    |m_axi_gmem_0_ARID      |   9|          2|    1|          2|
    |m_axi_gmem_0_ARLEN     |  14|          3|   32|         96|
    |m_axi_gmem_0_ARLOCK    |   9|          2|    2|          4|
    |m_axi_gmem_0_ARPROT    |   9|          2|    3|          6|
    |m_axi_gmem_0_ARQOS     |   9|          2|    4|          8|
    |m_axi_gmem_0_ARREGION  |   9|          2|    4|          8|
    |m_axi_gmem_0_ARSIZE    |   9|          2|    3|          6|
    |m_axi_gmem_0_ARUSER    |   9|          2|    1|          2|
    |m_axi_gmem_0_ARVALID   |  14|          3|    1|          3|
    |m_axi_gmem_0_RREADY    |   9|          2|    1|          2|
    +-----------------------+----+-----------+-----+-----------+
    |Total                  | 200|         42|  124|        354|
    +-----------------------+----+-----------+-----+-----------+

    * Register: 
    +----------------------------------------------------------------------------+----+----+-----+-----------+
    |                                    Name                                    | FF | LUT| Bits| Const Bits|
    +----------------------------------------------------------------------------+----+----+-----+-----------+
    |ap_CS_fsm                                                                   |  10|   0|   10|          0|
    |grp_load_input_Pipeline_VITIS_LOOP_10_1_VITIS_LOOP_11_2_fu_61_ap_start_reg  |   1|   0|    1|          0|
    |trunc_ln_reg_101                                                            |  63|   0|   63|          0|
    +----------------------------------------------------------------------------+----+----+-----+-----------+
    |Total                                                                       |  74|   0|   74|          0|
    +----------------------------------------------------------------------------+----+----+-----+-----------+



================================================================
== Interface
================================================================
* Summary: 
+----------------------------------------------------------------------------------------------------+-----+-----+------------+-------------------------------------------------------------------------------------------+--------------+
|                                              RTL Ports                                             | Dir | Bits|  Protocol  |                                       Source Object                                       |    C Type    |
+----------------------------------------------------------------------------------------------------+-----+-----+------------+-------------------------------------------------------------------------------------------+--------------+
|ap_clk                                                                                              |   in|    1|  ap_ctrl_hs|                                                                                 load_input|  return value|
|ap_rst                                                                                              |   in|    1|  ap_ctrl_hs|                                                                                 load_input|  return value|
|ap_start                                                                                            |   in|    1|  ap_ctrl_hs|                                                                                 load_input|  return value|
|ap_done                                                                                             |  out|    1|  ap_ctrl_hs|                                                                                 load_input|  return value|
|ap_idle                                                                                             |  out|    1|  ap_ctrl_hs|                                                                                 load_input|  return value|
|ap_ready                                                                                            |  out|    1|  ap_ctrl_hs|                                                                                 load_input|  return value|
|m_axi_gmem_0_AWVALID                                                                                |  out|    1|       m_axi|                                                                                       gmem|       pointer|
|m_axi_gmem_0_AWREADY                                                                                |   in|    1|       m_axi|                                                                                       gmem|       pointer|
|m_axi_gmem_0_AWADDR                                                                                 |  out|   64|       m_axi|                                                                                       gmem|       pointer|
|m_axi_gmem_0_AWID                                                                                   |  out|    1|       m_axi|                                                                                       gmem|       pointer|
|m_axi_gmem_0_AWLEN                                                                                  |  out|   32|       m_axi|                                                                                       gmem|       pointer|
|m_axi_gmem_0_AWSIZE                                                                                 |  out|    3|       m_axi|                                                                                       gmem|       pointer|
|m_axi_gmem_0_AWBURST                                                                                |  out|    2|       m_axi|                                                                                       gmem|       pointer|
|m_axi_gmem_0_AWLOCK                                                                                 |  out|    2|       m_axi|                                                                                       gmem|       pointer|
|m_axi_gmem_0_AWCACHE                                                                                |  out|    4|       m_axi|                                                                                       gmem|       pointer|
|m_axi_gmem_0_AWPROT                                                                                 |  out|    3|       m_axi|                                                                                       gmem|       pointer|
|m_axi_gmem_0_AWQOS                                                                                  |  out|    4|       m_axi|                                                                                       gmem|       pointer|
|m_axi_gmem_0_AWREGION                                                                               |  out|    4|       m_axi|                                                                                       gmem|       pointer|
|m_axi_gmem_0_AWUSER                                                                                 |  out|    1|       m_axi|                                                                                       gmem|       pointer|
|m_axi_gmem_0_WVALID                                                                                 |  out|    1|       m_axi|                                                                                       gmem|       pointer|
|m_axi_gmem_0_WREADY                                                                                 |   in|    1|       m_axi|                                                                                       gmem|       pointer|
|m_axi_gmem_0_WDATA                                                                                  |  out|   16|       m_axi|                                                                                       gmem|       pointer|
|m_axi_gmem_0_WSTRB                                                                                  |  out|    2|       m_axi|                                                                                       gmem|       pointer|
|m_axi_gmem_0_WLAST                                                                                  |  out|    1|       m_axi|                                                                                       gmem|       pointer|
|m_axi_gmem_0_WID                                                                                    |  out|    1|       m_axi|                                                                                       gmem|       pointer|
|m_axi_gmem_0_WUSER                                                                                  |  out|    1|       m_axi|                                                                                       gmem|       pointer|
|m_axi_gmem_0_ARVALID                                                                                |  out|    1|       m_axi|                                                                                       gmem|       pointer|
|m_axi_gmem_0_ARREADY                                                                                |   in|    1|       m_axi|                                                                                       gmem|       pointer|
|m_axi_gmem_0_ARADDR                                                                                 |  out|   64|       m_axi|                                                                                       gmem|       pointer|
|m_axi_gmem_0_ARID                                                                                   |  out|    1|       m_axi|                                                                                       gmem|       pointer|
|m_axi_gmem_0_ARLEN                                                                                  |  out|   32|       m_axi|                                                                                       gmem|       pointer|
|m_axi_gmem_0_ARSIZE                                                                                 |  out|    3|       m_axi|                                                                                       gmem|       pointer|
|m_axi_gmem_0_ARBURST                                                                                |  out|    2|       m_axi|                                                                                       gmem|       pointer|
|m_axi_gmem_0_ARLOCK                                                                                 |  out|    2|       m_axi|                                                                                       gmem|       pointer|
|m_axi_gmem_0_ARCACHE                                                                                |  out|    4|       m_axi|                                                                                       gmem|       pointer|
|m_axi_gmem_0_ARPROT                                                                                 |  out|    3|       m_axi|                                                                                       gmem|       pointer|
|m_axi_gmem_0_ARQOS                                                                                  |  out|    4|       m_axi|                                                                                       gmem|       pointer|
|m_axi_gmem_0_ARREGION                                                                               |  out|    4|       m_axi|                                                                                       gmem|       pointer|
|m_axi_gmem_0_ARUSER                                                                                 |  out|    1|       m_axi|                                                                                       gmem|       pointer|
|m_axi_gmem_0_RVALID                                                                                 |   in|    1|       m_axi|                                                                                       gmem|       pointer|
|m_axi_gmem_0_RREADY                                                                                 |  out|    1|       m_axi|                                                                                       gmem|       pointer|
|m_axi_gmem_0_RDATA                                                                                  |   in|   16|       m_axi|                                                                                       gmem|       pointer|
|m_axi_gmem_0_RLAST                                                                                  |   in|    1|       m_axi|                                                                                       gmem|       pointer|
|m_axi_gmem_0_RID                                                                                    |   in|    1|       m_axi|                                                                                       gmem|       pointer|
|m_axi_gmem_0_RFIFONUM                                                                               |   in|   10|       m_axi|                                                                                       gmem|       pointer|
|m_axi_gmem_0_RUSER                                                                                  |   in|    1|       m_axi|                                                                                       gmem|       pointer|
|m_axi_gmem_0_RRESP                                                                                  |   in|    2|       m_axi|                                                                                       gmem|       pointer|
|m_axi_gmem_0_BVALID                                                                                 |   in|    1|       m_axi|                                                                                       gmem|       pointer|
|m_axi_gmem_0_BREADY                                                                                 |  out|    1|       m_axi|                                                                                       gmem|       pointer|
|m_axi_gmem_0_BRESP                                                                                  |   in|    2|       m_axi|                                                                                       gmem|       pointer|
|m_axi_gmem_0_BID                                                                                    |   in|    1|       m_axi|                                                                                       gmem|       pointer|
|m_axi_gmem_0_BUSER                                                                                  |   in|    1|       m_axi|                                                                                       gmem|       pointer|
|input_r                                                                                             |   in|   64|     ap_none|                                                                                    input_r|        scalar|
|p_ZZ9cnn_accelP8ap_fixedILi16ELi8EL9ap_q_mode5EL9ap_o_mode3ELi0EES3_S3_S3_E9input_buf_0_0_address0  |  out|    8|   ap_memory|  p_ZZ9cnn_accelP8ap_fixedILi16ELi8EL9ap_q_mode5EL9ap_o_mode3ELi0EES3_S3_S3_E9input_buf_0_0|         array|
|p_ZZ9cnn_accelP8ap_fixedILi16ELi8EL9ap_q_mode5EL9ap_o_mode3ELi0EES3_S3_S3_E9input_buf_0_0_ce0       |  out|    1|   ap_memory|  p_ZZ9cnn_accelP8ap_fixedILi16ELi8EL9ap_q_mode5EL9ap_o_mode3ELi0EES3_S3_S3_E9input_buf_0_0|         array|
|p_ZZ9cnn_accelP8ap_fixedILi16ELi8EL9ap_q_mode5EL9ap_o_mode3ELi0EES3_S3_S3_E9input_buf_0_0_we0       |  out|    1|   ap_memory|  p_ZZ9cnn_accelP8ap_fixedILi16ELi8EL9ap_q_mode5EL9ap_o_mode3ELi0EES3_S3_S3_E9input_buf_0_0|         array|
|p_ZZ9cnn_accelP8ap_fixedILi16ELi8EL9ap_q_mode5EL9ap_o_mode3ELi0EES3_S3_S3_E9input_buf_0_0_d0        |  out|   16|   ap_memory|  p_ZZ9cnn_accelP8ap_fixedILi16ELi8EL9ap_q_mode5EL9ap_o_mode3ELi0EES3_S3_S3_E9input_buf_0_0|         array|
|p_ZZ9cnn_accelP8ap_fixedILi16ELi8EL9ap_q_mode5EL9ap_o_mode3ELi0EES3_S3_S3_E9input_buf_0_1_address0  |  out|    8|   ap_memory|  p_ZZ9cnn_accelP8ap_fixedILi16ELi8EL9ap_q_mode5EL9ap_o_mode3ELi0EES3_S3_S3_E9input_buf_0_1|         array|
|p_ZZ9cnn_accelP8ap_fixedILi16ELi8EL9ap_q_mode5EL9ap_o_mode3ELi0EES3_S3_S3_E9input_buf_0_1_ce0       |  out|    1|   ap_memory|  p_ZZ9cnn_accelP8ap_fixedILi16ELi8EL9ap_q_mode5EL9ap_o_mode3ELi0EES3_S3_S3_E9input_buf_0_1|         array|
|p_ZZ9cnn_accelP8ap_fixedILi16ELi8EL9ap_q_mode5EL9ap_o_mode3ELi0EES3_S3_S3_E9input_buf_0_1_we0       |  out|    1|   ap_memory|  p_ZZ9cnn_accelP8ap_fixedILi16ELi8EL9ap_q_mode5EL9ap_o_mode3ELi0EES3_S3_S3_E9input_buf_0_1|         array|
|p_ZZ9cnn_accelP8ap_fixedILi16ELi8EL9ap_q_mode5EL9ap_o_mode3ELi0EES3_S3_S3_E9input_buf_0_1_d0        |  out|   16|   ap_memory|  p_ZZ9cnn_accelP8ap_fixedILi16ELi8EL9ap_q_mode5EL9ap_o_mode3ELi0EES3_S3_S3_E9input_buf_0_1|         array|
|p_ZZ9cnn_accelP8ap_fixedILi16ELi8EL9ap_q_mode5EL9ap_o_mode3ELi0EES3_S3_S3_E9input_buf_0_2_address0  |  out|    8|   ap_memory|  p_ZZ9cnn_accelP8ap_fixedILi16ELi8EL9ap_q_mode5EL9ap_o_mode3ELi0EES3_S3_S3_E9input_buf_0_2|         array|
|p_ZZ9cnn_accelP8ap_fixedILi16ELi8EL9ap_q_mode5EL9ap_o_mode3ELi0EES3_S3_S3_E9input_buf_0_2_ce0       |  out|    1|   ap_memory|  p_ZZ9cnn_accelP8ap_fixedILi16ELi8EL9ap_q_mode5EL9ap_o_mode3ELi0EES3_S3_S3_E9input_buf_0_2|         array|
|p_ZZ9cnn_accelP8ap_fixedILi16ELi8EL9ap_q_mode5EL9ap_o_mode3ELi0EES3_S3_S3_E9input_buf_0_2_we0       |  out|    1|   ap_memory|  p_ZZ9cnn_accelP8ap_fixedILi16ELi8EL9ap_q_mode5EL9ap_o_mode3ELi0EES3_S3_S3_E9input_buf_0_2|         array|
|p_ZZ9cnn_accelP8ap_fixedILi16ELi8EL9ap_q_mode5EL9ap_o_mode3ELi0EES3_S3_S3_E9input_buf_0_2_d0        |  out|   16|   ap_memory|  p_ZZ9cnn_accelP8ap_fixedILi16ELi8EL9ap_q_mode5EL9ap_o_mode3ELi0EES3_S3_S3_E9input_buf_0_2|         array|
|p_ZZ9cnn_accelP8ap_fixedILi16ELi8EL9ap_q_mode5EL9ap_o_mode3ELi0EES3_S3_S3_E9input_buf_1_0_address0  |  out|    8|   ap_memory|  p_ZZ9cnn_accelP8ap_fixedILi16ELi8EL9ap_q_mode5EL9ap_o_mode3ELi0EES3_S3_S3_E9input_buf_1_0|         array|
|p_ZZ9cnn_accelP8ap_fixedILi16ELi8EL9ap_q_mode5EL9ap_o_mode3ELi0EES3_S3_S3_E9input_buf_1_0_ce0       |  out|    1|   ap_memory|  p_ZZ9cnn_accelP8ap_fixedILi16ELi8EL9ap_q_mode5EL9ap_o_mode3ELi0EES3_S3_S3_E9input_buf_1_0|         array|
|p_ZZ9cnn_accelP8ap_fixedILi16ELi8EL9ap_q_mode5EL9ap_o_mode3ELi0EES3_S3_S3_E9input_buf_1_0_we0       |  out|    1|   ap_memory|  p_ZZ9cnn_accelP8ap_fixedILi16ELi8EL9ap_q_mode5EL9ap_o_mode3ELi0EES3_S3_S3_E9input_buf_1_0|         array|
|p_ZZ9cnn_accelP8ap_fixedILi16ELi8EL9ap_q_mode5EL9ap_o_mode3ELi0EES3_S3_S3_E9input_buf_1_0_d0        |  out|   16|   ap_memory|  p_ZZ9cnn_accelP8ap_fixedILi16ELi8EL9ap_q_mode5EL9ap_o_mode3ELi0EES3_S3_S3_E9input_buf_1_0|         array|
|p_ZZ9cnn_accelP8ap_fixedILi16ELi8EL9ap_q_mode5EL9ap_o_mode3ELi0EES3_S3_S3_E9input_buf_1_1_address0  |  out|    8|   ap_memory|  p_ZZ9cnn_accelP8ap_fixedILi16ELi8EL9ap_q_mode5EL9ap_o_mode3ELi0EES3_S3_S3_E9input_buf_1_1|         array|
|p_ZZ9cnn_accelP8ap_fixedILi16ELi8EL9ap_q_mode5EL9ap_o_mode3ELi0EES3_S3_S3_E9input_buf_1_1_ce0       |  out|    1|   ap_memory|  p_ZZ9cnn_accelP8ap_fixedILi16ELi8EL9ap_q_mode5EL9ap_o_mode3ELi0EES3_S3_S3_E9input_buf_1_1|         array|
|p_ZZ9cnn_accelP8ap_fixedILi16ELi8EL9ap_q_mode5EL9ap_o_mode3ELi0EES3_S3_S3_E9input_buf_1_1_we0       |  out|    1|   ap_memory|  p_ZZ9cnn_accelP8ap_fixedILi16ELi8EL9ap_q_mode5EL9ap_o_mode3ELi0EES3_S3_S3_E9input_buf_1_1|         array|
|p_ZZ9cnn_accelP8ap_fixedILi16ELi8EL9ap_q_mode5EL9ap_o_mode3ELi0EES3_S3_S3_E9input_buf_1_1_d0        |  out|   16|   ap_memory|  p_ZZ9cnn_accelP8ap_fixedILi16ELi8EL9ap_q_mode5EL9ap_o_mode3ELi0EES3_S3_S3_E9input_buf_1_1|         array|
|p_ZZ9cnn_accelP8ap_fixedILi16ELi8EL9ap_q_mode5EL9ap_o_mode3ELi0EES3_S3_S3_E9input_buf_1_2_address0  |  out|    8|   ap_memory|  p_ZZ9cnn_accelP8ap_fixedILi16ELi8EL9ap_q_mode5EL9ap_o_mode3ELi0EES3_S3_S3_E9input_buf_1_2|         array|
|p_ZZ9cnn_accelP8ap_fixedILi16ELi8EL9ap_q_mode5EL9ap_o_mode3ELi0EES3_S3_S3_E9input_buf_1_2_ce0       |  out|    1|   ap_memory|  p_ZZ9cnn_accelP8ap_fixedILi16ELi8EL9ap_q_mode5EL9ap_o_mode3ELi0EES3_S3_S3_E9input_buf_1_2|         array|
|p_ZZ9cnn_accelP8ap_fixedILi16ELi8EL9ap_q_mode5EL9ap_o_mode3ELi0EES3_S3_S3_E9input_buf_1_2_we0       |  out|    1|   ap_memory|  p_ZZ9cnn_accelP8ap_fixedILi16ELi8EL9ap_q_mode5EL9ap_o_mode3ELi0EES3_S3_S3_E9input_buf_1_2|         array|
|p_ZZ9cnn_accelP8ap_fixedILi16ELi8EL9ap_q_mode5EL9ap_o_mode3ELi0EES3_S3_S3_E9input_buf_1_2_d0        |  out|   16|   ap_memory|  p_ZZ9cnn_accelP8ap_fixedILi16ELi8EL9ap_q_mode5EL9ap_o_mode3ELi0EES3_S3_S3_E9input_buf_1_2|         array|
+----------------------------------------------------------------------------------------------------+-----+-----+------------+-------------------------------------------------------------------------------------------+--------------+

