

================================================================
== Vitis HLS Report for 'load_input_Pipeline_VITIS_LOOP_10_1_VITIS_LOOP_11_2'
================================================================
* Date:           Thu Jan 22 15:55:03 2026

* Version:        2025.1 (Build 6135595 on May 21 2025)
* Project:        cnn_accel
* Solution:       hls (Vivado IP Flow Target)
* Product family: zynquplus
* Target device:  xck26-sfvc784-2LV-c


================================================================
== Performance Estimates
================================================================
+ Timing: 
    * Summary: 
    +--------+---------+----------+------------+
    |  Clock |  Target | Estimated| Uncertainty|
    +--------+---------+----------+------------+
    |ap_clk  |  4.00 ns|  2.920 ns|     1.08 ns|
    +--------+---------+----------+------------+

+ Latency: 
    * Summary: 
    +---------+---------+----------+----------+-----+-----+------------------------------------------------+
    |  Latency (cycles) |  Latency (absolute) |  Interval |                    Pipeline                    |
    |   min   |   max   |    min   |    max   | min | max |                      Type                      |
    +---------+---------+----------+----------+-----+-----+------------------------------------------------+
    |      793|      793|  3.172 us|  3.172 us|  785|  785|  loop auto-rewind stp (delay=0 clock cycles(s))|
    +---------+---------+----------+----------+-----+-----+------------------------------------------------+

    + Detail: 
        * Instance: 
        N/A

        * Loop: 
        +-----------------------------------+---------+---------+----------+-----------+-----------+------+----------+
        |                                   |  Latency (cycles) | Iteration|  Initiation Interval  | Trip |          |
        |             Loop Name             |   min   |   max   |  Latency |  achieved |   target  | Count| Pipelined|
        +-----------------------------------+---------+---------+----------+-----------+-----------+------+----------+
        |- VITIS_LOOP_10_1_VITIS_LOOP_11_2  |      791|      791|         9|          1|          1|   784|       yes|
        +-----------------------------------+---------+---------+----------+-----------+-----------+------+----------+



================================================================
== Utilization Estimates
================================================================
* Summary: 
+-----------------+---------+------+--------+--------+-----+
|       Name      | BRAM_18K|  DSP |   FF   |   LUT  | URAM|
+-----------------+---------+------+--------+--------+-----+
|DSP              |        -|     -|       -|       -|    -|
|Expression       |        -|     -|       0|     122|    -|
|FIFO             |        -|     -|       -|       -|    -|
|Instance         |        -|     0|      98|      79|    -|
|Memory           |        -|     -|       -|       -|    -|
|Multiplexer      |        -|     -|       0|      81|    -|
|Register         |        -|     -|     259|      96|    -|
+-----------------+---------+------+--------+--------+-----+
|Total            |        0|     0|     357|     378|    0|
+-----------------+---------+------+--------+--------+-----+
|Available        |      288|  1248|  234240|  117120|   64|
+-----------------+---------+------+--------+--------+-----+
|Utilization (%)  |        0|     0|      ~0|      ~0|    0|
+-----------------+---------+------+--------+--------+-----+

+ Detail: 
    * Instance: 
    +------------------------+--------------------+---------+----+----+----+-----+
    |        Instance        |       Module       | BRAM_18K| DSP| FF | LUT| URAM|
    +------------------------+--------------------+---------+----+----+----+-----+
    |mul_5ns_7ns_11_1_1_U15  |mul_5ns_7ns_11_1_1  |        0|   0|   0|  30|    0|
    |urem_5ns_3ns_2_9_1_U14  |urem_5ns_3ns_2_9_1  |        0|   0|  98|  49|    0|
    +------------------------+--------------------+---------+----+----+----+-----+
    |Total                   |                    |        0|   0|  98|  79|    0|
    +------------------------+--------------------+---------+----+----+----+-----+

    * DSP: 
    N/A

    * Memory: 
    N/A

    * FIFO: 
    N/A

    * Expression: 
    +---------------------------+----------+----+---+----+------------+------------+
    |       Variable Name       | Operation| DSP| FF| LUT| Bitwidth P0| Bitwidth P1|
    +---------------------------+----------+----+---+----+------------+------------+
    |add_ln10_1_fu_226_p2       |         +|   0|  0|  17|          10|           1|
    |add_ln10_fu_238_p2         |         +|   0|  0|  12|           5|           1|
    |add_ln11_fu_286_p2         |         +|   0|  0|  12|           5|           1|
    |add_ln13_fu_364_p2         |         +|   0|  0|  19|           8|           8|
    |sub_ln13_fu_350_p2         |         -|   0|  0|  19|           8|           8|
    |ap_block_pp0_stage0_11001  |       and|   0|  0|   2|           1|           1|
    |icmp_ln10_fu_220_p2        |      icmp|   0|  0|  17|          10|           9|
    |icmp_ln11_fu_244_p2        |      icmp|   0|  0|  12|           5|           4|
    |grp_fu_266_p0              |    select|   0|  0|   5|           1|           5|
    |select_ln10_fu_250_p3      |    select|   0|  0|   5|           1|           1|
    |ap_enable_pp0              |       xor|   0|  0|   2|           1|           2|
    +---------------------------+----------+----+---+----+------------+------------+
    |Total                      |          |   0|  0| 122|          55|          41|
    +---------------------------+----------+----+---+----+------------+------------+

    * Multiplexer: 
    +--------------------------------------+----+-----------+-----+-----------+
    |                 Name                 | LUT| Input Size| Bits| Total Bits|
    +--------------------------------------+----+-----------+-----+-----------+
    |ap_done_int                           |   9|          2|    1|          2|
    |ap_enable_reg_pp0_iter1               |   9|          2|    1|          2|
    |ap_sig_allocacmp_i_load               |   9|          2|    5|         10|
    |ap_sig_allocacmp_indvar_flatten_load  |   9|          2|   10|         20|
    |ap_sig_allocacmp_j_load               |   9|          2|    5|         10|
    |gmem_blk_n_R                          |   9|          2|    1|          2|
    |i_fu_94                               |   9|          2|    5|         10|
    |indvar_flatten_fu_98                  |   9|          2|   10|         20|
    |j_fu_90                               |   9|          2|    5|         10|
    +--------------------------------------+----+-----------+-----+-----------+
    |Total                                 |  81|         18|   43|         86|
    +--------------------------------------+----+-----------+-----+-----------+

    * Register: 
    +----------------------------------+----+----+-----+-----------+
    |               Name               | FF | LUT| Bits| Const Bits|
    +----------------------------------+----+----+-----+-----------+
    |ap_CS_fsm                         |   1|   0|    1|          0|
    |ap_done_reg                       |   1|   0|    1|          0|
    |ap_enable_reg_pp0_iter1           |   1|   0|    1|          0|
    |ap_enable_reg_pp0_iter2           |   1|   0|    1|          0|
    |ap_enable_reg_pp0_iter3           |   1|   0|    1|          0|
    |ap_enable_reg_pp0_iter4           |   1|   0|    1|          0|
    |ap_enable_reg_pp0_iter5           |   1|   0|    1|          0|
    |ap_enable_reg_pp0_iter6           |   1|   0|    1|          0|
    |ap_enable_reg_pp0_iter7           |   1|   0|    1|          0|
    |ap_enable_reg_pp0_iter8           |   1|   0|    1|          0|
    |ap_loop_exit_ready_pp0_iter1_reg  |   1|   0|    1|          0|
    |ap_loop_exit_ready_pp0_iter2_reg  |   1|   0|    1|          0|
    |ap_loop_exit_ready_pp0_iter3_reg  |   1|   0|    1|          0|
    |ap_loop_exit_ready_pp0_iter4_reg  |   1|   0|    1|          0|
    |ap_loop_exit_ready_pp0_iter5_reg  |   1|   0|    1|          0|
    |ap_loop_exit_ready_pp0_iter6_reg  |   1|   0|    1|          0|
    |ap_loop_exit_ready_pp0_iter7_reg  |   1|   0|    1|          0|
    |gmem_addr_read_reg_431            |  16|   0|   16|          0|
    |i_fu_94                           |   5|   0|    5|          0|
    |indvar_flatten_fu_98              |  10|   0|   10|          0|
    |j_fu_90                           |   5|   0|    5|          0|
    |lshr_ln_reg_420                   |   4|   0|    4|          0|
    |select_ln10_1_reg_410             |   5|   0|    5|          0|
    |tmp_reg_425                       |   4|   0|    4|          0|
    |trunc_ln11_reg_416                |   1|   0|    1|          0|
    |lshr_ln_reg_420                   |  64|  32|    4|          0|
    |tmp_reg_425                       |  64|  32|    4|          0|
    |trunc_ln11_reg_416                |  64|  32|    1|          0|
    +----------------------------------+----+----+-----+-----------+
    |Total                             | 259|  96|   76|          0|
    +----------------------------------+----+----+-----+-----------+



================================================================
== Interface
================================================================
* Summary: 
+----------------------------------------------------------------------------------------------------+-----+-----+------------+-------------------------------------------------------------------------------------------+--------------+
|                                              RTL Ports                                             | Dir | Bits|  Protocol  |                                       Source Object                                       |    C Type    |
+----------------------------------------------------------------------------------------------------+-----+-----+------------+-------------------------------------------------------------------------------------------+--------------+
|ap_clk                                                                                              |   in|    1|  ap_ctrl_hs|                                        load_input_Pipeline_VITIS_LOOP_10_1_VITIS_LOOP_11_2|  return value|
|ap_rst                                                                                              |   in|    1|  ap_ctrl_hs|                                        load_input_Pipeline_VITIS_LOOP_10_1_VITIS_LOOP_11_2|  return value|
|ap_start                                                                                            |   in|    1|  ap_ctrl_hs|                                        load_input_Pipeline_VITIS_LOOP_10_1_VITIS_LOOP_11_2|  return value|
|ap_done                                                                                             |  out|    1|  ap_ctrl_hs|                                        load_input_Pipeline_VITIS_LOOP_10_1_VITIS_LOOP_11_2|  return value|
|ap_idle                                                                                             |  out|    1|  ap_ctrl_hs|                                        load_input_Pipeline_VITIS_LOOP_10_1_VITIS_LOOP_11_2|  return value|
|ap_ready                                                                                            |  out|    1|  ap_ctrl_hs|                                        load_input_Pipeline_VITIS_LOOP_10_1_VITIS_LOOP_11_2|  return value|
|m_axi_gmem_0_AWVALID                                                                                |  out|    1|       m_axi|                                                                                       gmem|       pointer|
|m_axi_gmem_0_AWREADY                                                                                |   in|    1|       m_axi|                                                                                       gmem|       pointer|
|m_axi_gmem_0_AWADDR                                                                                 |  out|   64|       m_axi|                                                                                       gmem|       pointer|
|m_axi_gmem_0_AWID                                                                                   |  out|    1|       m_axi|                                                                                       gmem|       pointer|
|m_axi_gmem_0_AWLEN                                                                                  |  out|   32|       m_axi|                                                                                       gmem|       pointer|
|m_axi_gmem_0_AWSIZE                                                                                 |  out|    3|       m_axi|                                                                                       gmem|       pointer|
|m_axi_gmem_0_AWBURST                                                                                |  out|    2|       m_axi|                                                                                       gmem|       pointer|
|m_axi_gmem_0_AWLOCK                                                                                 |  out|    2|       m_axi|                                                                                       gmem|       pointer|
|m_axi_gmem_0_AWCACHE                                                                                |  out|    4|       m_axi|                                                                                       gmem|       pointer|
|m_axi_gmem_0_AWPROT                                                                                 |  out|    3|       m_axi|                                                                                       gmem|       pointer|
|m_axi_gmem_0_AWQOS                                                                                  |  out|    4|       m_axi|                                                                                       gmem|       pointer|
|m_axi_gmem_0_AWREGION                                                                               |  out|    4|       m_axi|                                                                                       gmem|       pointer|
|m_axi_gmem_0_AWUSER                                                                                 |  out|    1|       m_axi|                                                                                       gmem|       pointer|
|m_axi_gmem_0_WVALID                                                                                 |  out|    1|       m_axi|                                                                                       gmem|       pointer|
|m_axi_gmem_0_WREADY                                                                                 |   in|    1|       m_axi|                                                                                       gmem|       pointer|
|m_axi_gmem_0_WDATA                                                                                  |  out|   16|       m_axi|                                                                                       gmem|       pointer|
|m_axi_gmem_0_WSTRB                                                                                  |  out|    2|       m_axi|                                                                                       gmem|       pointer|
|m_axi_gmem_0_WLAST                                                                                  |  out|    1|       m_axi|                                                                                       gmem|       pointer|
|m_axi_gmem_0_WID                                                                                    |  out|    1|       m_axi|                                                                                       gmem|       pointer|
|m_axi_gmem_0_WUSER                                                                                  |  out|    1|       m_axi|                                                                                       gmem|       pointer|
|m_axi_gmem_0_ARVALID                                                                                |  out|    1|       m_axi|                                                                                       gmem|       pointer|
|m_axi_gmem_0_ARREADY                                                                                |   in|    1|       m_axi|                                                                                       gmem|       pointer|
|m_axi_gmem_0_ARADDR                                                                                 |  out|   64|       m_axi|                                                                                       gmem|       pointer|
|m_axi_gmem_0_ARID                                                                                   |  out|    1|       m_axi|                                                                                       gmem|       pointer|
|m_axi_gmem_0_ARLEN                                                                                  |  out|   32|       m_axi|                                                                                       gmem|       pointer|
|m_axi_gmem_0_ARSIZE                                                                                 |  out|    3|       m_axi|                                                                                       gmem|       pointer|
|m_axi_gmem_0_ARBURST                                                                                |  out|    2|       m_axi|                                                                                       gmem|       pointer|
|m_axi_gmem_0_ARLOCK                                                                                 |  out|    2|       m_axi|                                                                                       gmem|       pointer|
|m_axi_gmem_0_ARCACHE                                                                                |  out|    4|       m_axi|                                                                                       gmem|       pointer|
|m_axi_gmem_0_ARPROT                                                                                 |  out|    3|       m_axi|                                                                                       gmem|       pointer|
|m_axi_gmem_0_ARQOS                                                                                  |  out|    4|       m_axi|                                                                                       gmem|       pointer|
|m_axi_gmem_0_ARREGION                                                                               |  out|    4|       m_axi|                                                                                       gmem|       pointer|
|m_axi_gmem_0_ARUSER                                                                                 |  out|    1|       m_axi|                                                                                       gmem|       pointer|
|m_axi_gmem_0_RVALID                                                                                 |   in|    1|       m_axi|                                                                                       gmem|       pointer|
|m_axi_gmem_0_RREADY                                                                                 |  out|    1|       m_axi|                                                                                       gmem|       pointer|
|m_axi_gmem_0_RDATA                                                                                  |   in|   16|       m_axi|                                                                                       gmem|       pointer|
|m_axi_gmem_0_RLAST                                                                                  |   in|    1|       m_axi|                                                                                       gmem|       pointer|
|m_axi_gmem_0_RID                                                                                    |   in|    1|       m_axi|                                                                                       gmem|       pointer|
|m_axi_gmem_0_RFIFONUM                                                                               |   in|   10|       m_axi|                                                                                       gmem|       pointer|
|m_axi_gmem_0_RUSER                                                                                  |   in|    1|       m_axi|                                                                                       gmem|       pointer|
|m_axi_gmem_0_RRESP                                                                                  |   in|    2|       m_axi|                                                                                       gmem|       pointer|
|m_axi_gmem_0_BVALID                                                                                 |   in|    1|       m_axi|                                                                                       gmem|       pointer|
|m_axi_gmem_0_BREADY                                                                                 |  out|    1|       m_axi|                                                                                       gmem|       pointer|
|m_axi_gmem_0_BRESP                                                                                  |   in|    2|       m_axi|                                                                                       gmem|       pointer|
|m_axi_gmem_0_BID                                                                                    |   in|    1|       m_axi|                                                                                       gmem|       pointer|
|m_axi_gmem_0_BUSER                                                                                  |   in|    1|       m_axi|                                                                                       gmem|       pointer|
|sext_ln10                                                                                           |   in|   63|     ap_none|                                                                                  sext_ln10|        scalar|
|p_ZZ9cnn_accelP8ap_fixedILi16ELi8EL9ap_q_mode5EL9ap_o_mode3ELi0EES3_S3_S3_E9input_buf_0_0_address0  |  out|    8|   ap_memory|  p_ZZ9cnn_accelP8ap_fixedILi16ELi8EL9ap_q_mode5EL9ap_o_mode3ELi0EES3_S3_S3_E9input_buf_0_0|         array|
|p_ZZ9cnn_accelP8ap_fixedILi16ELi8EL9ap_q_mode5EL9ap_o_mode3ELi0EES3_S3_S3_E9input_buf_0_0_ce0       |  out|    1|   ap_memory|  p_ZZ9cnn_accelP8ap_fixedILi16ELi8EL9ap_q_mode5EL9ap_o_mode3ELi0EES3_S3_S3_E9input_buf_0_0|         array|
|p_ZZ9cnn_accelP8ap_fixedILi16ELi8EL9ap_q_mode5EL9ap_o_mode3ELi0EES3_S3_S3_E9input_buf_0_0_we0       |  out|    1|   ap_memory|  p_ZZ9cnn_accelP8ap_fixedILi16ELi8EL9ap_q_mode5EL9ap_o_mode3ELi0EES3_S3_S3_E9input_buf_0_0|         array|
|p_ZZ9cnn_accelP8ap_fixedILi16ELi8EL9ap_q_mode5EL9ap_o_mode3ELi0EES3_S3_S3_E9input_buf_0_0_d0        |  out|   16|   ap_memory|  p_ZZ9cnn_accelP8ap_fixedILi16ELi8EL9ap_q_mode5EL9ap_o_mode3ELi0EES3_S3_S3_E9input_buf_0_0|         array|
|p_ZZ9cnn_accelP8ap_fixedILi16ELi8EL9ap_q_mode5EL9ap_o_mode3ELi0EES3_S3_S3_E9input_buf_0_1_address0  |  out|    8|   ap_memory|  p_ZZ9cnn_accelP8ap_fixedILi16ELi8EL9ap_q_mode5EL9ap_o_mode3ELi0EES3_S3_S3_E9input_buf_0_1|         array|
|p_ZZ9cnn_accelP8ap_fixedILi16ELi8EL9ap_q_mode5EL9ap_o_mode3ELi0EES3_S3_S3_E9input_buf_0_1_ce0       |  out|    1|   ap_memory|  p_ZZ9cnn_accelP8ap_fixedILi16ELi8EL9ap_q_mode5EL9ap_o_mode3ELi0EES3_S3_S3_E9input_buf_0_1|         array|
|p_ZZ9cnn_accelP8ap_fixedILi16ELi8EL9ap_q_mode5EL9ap_o_mode3ELi0EES3_S3_S3_E9input_buf_0_1_we0       |  out|    1|   ap_memory|  p_ZZ9cnn_accelP8ap_fixedILi16ELi8EL9ap_q_mode5EL9ap_o_mode3ELi0EES3_S3_S3_E9input_buf_0_1|         array|
|p_ZZ9cnn_accelP8ap_fixedILi16ELi8EL9ap_q_mode5EL9ap_o_mode3ELi0EES3_S3_S3_E9input_buf_0_1_d0        |  out|   16|   ap_memory|  p_ZZ9cnn_accelP8ap_fixedILi16ELi8EL9ap_q_mode5EL9ap_o_mode3ELi0EES3_S3_S3_E9input_buf_0_1|         array|
|p_ZZ9cnn_accelP8ap_fixedILi16ELi8EL9ap_q_mode5EL9ap_o_mode3ELi0EES3_S3_S3_E9input_buf_0_2_address0  |  out|    8|   ap_memory|  p_ZZ9cnn_accelP8ap_fixedILi16ELi8EL9ap_q_mode5EL9ap_o_mode3ELi0EES3_S3_S3_E9input_buf_0_2|         array|
|p_ZZ9cnn_accelP8ap_fixedILi16ELi8EL9ap_q_mode5EL9ap_o_mode3ELi0EES3_S3_S3_E9input_buf_0_2_ce0       |  out|    1|   ap_memory|  p_ZZ9cnn_accelP8ap_fixedILi16ELi8EL9ap_q_mode5EL9ap_o_mode3ELi0EES3_S3_S3_E9input_buf_0_2|         array|
|p_ZZ9cnn_accelP8ap_fixedILi16ELi8EL9ap_q_mode5EL9ap_o_mode3ELi0EES3_S3_S3_E9input_buf_0_2_we0       |  out|    1|   ap_memory|  p_ZZ9cnn_accelP8ap_fixedILi16ELi8EL9ap_q_mode5EL9ap_o_mode3ELi0EES3_S3_S3_E9input_buf_0_2|         array|
|p_ZZ9cnn_accelP8ap_fixedILi16ELi8EL9ap_q_mode5EL9ap_o_mode3ELi0EES3_S3_S3_E9input_buf_0_2_d0        |  out|   16|   ap_memory|  p_ZZ9cnn_accelP8ap_fixedILi16ELi8EL9ap_q_mode5EL9ap_o_mode3ELi0EES3_S3_S3_E9input_buf_0_2|         array|
|p_ZZ9cnn_accelP8ap_fixedILi16ELi8EL9ap_q_mode5EL9ap_o_mode3ELi0EES3_S3_S3_E9input_buf_1_0_address0  |  out|    8|   ap_memory|  p_ZZ9cnn_accelP8ap_fixedILi16ELi8EL9ap_q_mode5EL9ap_o_mode3ELi0EES3_S3_S3_E9input_buf_1_0|         array|
|p_ZZ9cnn_accelP8ap_fixedILi16ELi8EL9ap_q_mode5EL9ap_o_mode3ELi0EES3_S3_S3_E9input_buf_1_0_ce0       |  out|    1|   ap_memory|  p_ZZ9cnn_accelP8ap_fixedILi16ELi8EL9ap_q_mode5EL9ap_o_mode3ELi0EES3_S3_S3_E9input_buf_1_0|         array|
|p_ZZ9cnn_accelP8ap_fixedILi16ELi8EL9ap_q_mode5EL9ap_o_mode3ELi0EES3_S3_S3_E9input_buf_1_0_we0       |  out|    1|   ap_memory|  p_ZZ9cnn_accelP8ap_fixedILi16ELi8EL9ap_q_mode5EL9ap_o_mode3ELi0EES3_S3_S3_E9input_buf_1_0|         array|
|p_ZZ9cnn_accelP8ap_fixedILi16ELi8EL9ap_q_mode5EL9ap_o_mode3ELi0EES3_S3_S3_E9input_buf_1_0_d0        |  out|   16|   ap_memory|  p_ZZ9cnn_accelP8ap_fixedILi16ELi8EL9ap_q_mode5EL9ap_o_mode3ELi0EES3_S3_S3_E9input_buf_1_0|         array|
|p_ZZ9cnn_accelP8ap_fixedILi16ELi8EL9ap_q_mode5EL9ap_o_mode3ELi0EES3_S3_S3_E9input_buf_1_1_address0  |  out|    8|   ap_memory|  p_ZZ9cnn_accelP8ap_fixedILi16ELi8EL9ap_q_mode5EL9ap_o_mode3ELi0EES3_S3_S3_E9input_buf_1_1|         array|
|p_ZZ9cnn_accelP8ap_fixedILi16ELi8EL9ap_q_mode5EL9ap_o_mode3ELi0EES3_S3_S3_E9input_buf_1_1_ce0       |  out|    1|   ap_memory|  p_ZZ9cnn_accelP8ap_fixedILi16ELi8EL9ap_q_mode5EL9ap_o_mode3ELi0EES3_S3_S3_E9input_buf_1_1|         array|
|p_ZZ9cnn_accelP8ap_fixedILi16ELi8EL9ap_q_mode5EL9ap_o_mode3ELi0EES3_S3_S3_E9input_buf_1_1_we0       |  out|    1|   ap_memory|  p_ZZ9cnn_accelP8ap_fixedILi16ELi8EL9ap_q_mode5EL9ap_o_mode3ELi0EES3_S3_S3_E9input_buf_1_1|         array|
|p_ZZ9cnn_accelP8ap_fixedILi16ELi8EL9ap_q_mode5EL9ap_o_mode3ELi0EES3_S3_S3_E9input_buf_1_1_d0        |  out|   16|   ap_memory|  p_ZZ9cnn_accelP8ap_fixedILi16ELi8EL9ap_q_mode5EL9ap_o_mode3ELi0EES3_S3_S3_E9input_buf_1_1|         array|
|p_ZZ9cnn_accelP8ap_fixedILi16ELi8EL9ap_q_mode5EL9ap_o_mode3ELi0EES3_S3_S3_E9input_buf_1_2_address0  |  out|    8|   ap_memory|  p_ZZ9cnn_accelP8ap_fixedILi16ELi8EL9ap_q_mode5EL9ap_o_mode3ELi0EES3_S3_S3_E9input_buf_1_2|         array|
|p_ZZ9cnn_accelP8ap_fixedILi16ELi8EL9ap_q_mode5EL9ap_o_mode3ELi0EES3_S3_S3_E9input_buf_1_2_ce0       |  out|    1|   ap_memory|  p_ZZ9cnn_accelP8ap_fixedILi16ELi8EL9ap_q_mode5EL9ap_o_mode3ELi0EES3_S3_S3_E9input_buf_1_2|         array|
|p_ZZ9cnn_accelP8ap_fixedILi16ELi8EL9ap_q_mode5EL9ap_o_mode3ELi0EES3_S3_S3_E9input_buf_1_2_we0       |  out|    1|   ap_memory|  p_ZZ9cnn_accelP8ap_fixedILi16ELi8EL9ap_q_mode5EL9ap_o_mode3ELi0EES3_S3_S3_E9input_buf_1_2|         array|
|p_ZZ9cnn_accelP8ap_fixedILi16ELi8EL9ap_q_mode5EL9ap_o_mode3ELi0EES3_S3_S3_E9input_buf_1_2_d0        |  out|   16|   ap_memory|  p_ZZ9cnn_accelP8ap_fixedILi16ELi8EL9ap_q_mode5EL9ap_o_mode3ELi0EES3_S3_S3_E9input_buf_1_2|         array|
+----------------------------------------------------------------------------------------------------+-----+-----+------------+-------------------------------------------------------------------------------------------+--------------+

